<?xml version="1.0" encoding="UTF-8"?>
<testsuite xmlns:xsi="http://www.w3.org/2001/XMLSchema-instance" xsi:noNamespaceSchemaLocation="https://maven.apache.org/surefire/maven-surefire-plugin/xsd/surefire-test-report.xsd" name="lt.galdebar.monmon.categoriesparser.ExcelParserIntegrationTests" time="107.563" tests="1" errors="1" skipped="0" failures="0">
  <properties>
    <property name="sun.desktop" value="windows"/>
    <property name="awt.toolkit" value="sun.awt.windows.WToolkit"/>
    <property name="java.specification.version" value="11"/>
    <property name="sun.cpu.isalist" value="amd64"/>
    <property name="sun.jnu.encoding" value="Cp1252"/>
    <property name="java.class.path" value="D:\MonMon\monmon-back\monmon-categories-parser\target\test-classes;D:\MonMon\monmon-back\monmon-categories-parser\target\classes;C:\Users\galde\.m2\repository\org\apache\poi\poi\3.17\poi-3.17.jar;C:\Users\galde\.m2\repository\commons-codec\commons-codec\1.13\commons-codec-1.13.jar;C:\Users\galde\.m2\repository\org\apache\commons\commons-collections4\4.1\commons-collections4-4.1.jar;C:\Users\galde\.m2\repository\org\apache\poi\poi-ooxml\3.17\poi-ooxml-3.17.jar;C:\Users\galde\.m2\repository\org\apache\poi\poi-ooxml-schemas\3.17\poi-ooxml-schemas-3.17.jar;C:\Users\galde\.m2\repository\org\apache\xmlbeans\xmlbeans\2.6.0\xmlbeans-2.6.0.jar;C:\Users\galde\.m2\repository\stax\stax-api\1.0.1\stax-api-1.0.1.jar;C:\Users\galde\.m2\repository\com\github\virtuald\curvesapi\1.04\curvesapi-1.04.jar;C:\Users\galde\.m2\repository\org\hibernate\hibernate-search-orm\5.11.4.Final\hibernate-search-orm-5.11.4.Final.jar;C:\Users\galde\.m2\repository\org\hibernate\hibernate-search-engine\5.11.4.Final\hibernate-search-engine-5.11.4.Final.jar;C:\Users\galde\.m2\repository\org\hibernate\common\hibernate-commons-annotations\5.1.0.Final\hibernate-commons-annotations-5.1.0.Final.jar;C:\Users\galde\.m2\repository\org\apache\lucene\lucene-core\5.5.5\lucene-core-5.5.5.jar;C:\Users\galde\.m2\repository\org\apache\lucene\lucene-misc\5.5.5\lucene-misc-5.5.5.jar;C:\Users\galde\.m2\repository\org\apache\lucene\lucene-analyzers-common\5.5.5\lucene-analyzers-common-5.5.5.jar;C:\Users\galde\.m2\repository\org\apache\lucene\lucene-facet\5.5.5\lucene-facet-5.5.5.jar;C:\Users\galde\.m2\repository\org\apache\lucene\lucene-queries\5.5.5\lucene-queries-5.5.5.jar;C:\Users\galde\.m2\repository\org\apache\lucene\lucene-queryparser\5.5.5\lucene-queryparser-5.5.5.jar;C:\Users\galde\.m2\repository\org\jboss\logging\jboss-logging\3.4.1.Final\jboss-logging-3.4.1.Final.jar;C:\Users\galde\.m2\repository\org\hibernate\hibernate-core\5.4.12.Final\hibernate-core-5.4.12.Final.jar;C:\Users\galde\.m2\repository\javax\persistence\javax.persistence-api\2.2\javax.persistence-api-2.2.jar;C:\Users\galde\.m2\repository\org\javassist\javassist\3.24.0-GA\javassist-3.24.0-GA.jar;C:\Users\galde\.m2\repository\net\bytebuddy\byte-buddy\1.10.8\byte-buddy-1.10.8.jar;C:\Users\galde\.m2\repository\antlr\antlr\2.7.7\antlr-2.7.7.jar;C:\Users\galde\.m2\repository\org\jboss\spec\javax\transaction\jboss-transaction-api_1.2_spec\1.1.1.Final\jboss-transaction-api_1.2_spec-1.1.1.Final.jar;C:\Users\galde\.m2\repository\org\jboss\jandex\2.1.1.Final\jandex-2.1.1.Final.jar;C:\Users\galde\.m2\repository\com\fasterxml\classmate\1.5.1\classmate-1.5.1.jar;C:\Users\galde\.m2\repository\javax\activation\javax.activation-api\1.2.0\javax.activation-api-1.2.0.jar;C:\Users\galde\.m2\repository\org\dom4j\dom4j\2.1.1\dom4j-2.1.1.jar;C:\Users\galde\.m2\repository\org\glassfish\jaxb\jaxb-runtime\2.3.2\jaxb-runtime-2.3.2.jar;C:\Users\galde\.m2\repository\org\glassfish\jaxb\txw2\2.3.2\txw2-2.3.2.jar;C:\Users\galde\.m2\repository\com\sun\istack\istack-commons-runtime\3.0.8\istack-commons-runtime-3.0.8.jar;C:\Users\galde\.m2\repository\org\jvnet\staxex\stax-ex\1.8.1\stax-ex-1.8.1.jar;C:\Users\galde\.m2\repository\com\sun\xml\fastinfoset\FastInfoset\1.2.16\FastInfoset-1.2.16.jar;C:\Users\galde\.m2\repository\org\liquibase\liquibase-core\3.8.8\liquibase-core-3.8.8.jar;C:\Users\galde\.m2\repository\javax\xml\bind\jaxb-api\2.3.1\jaxb-api-2.3.1.jar;C:\Users\galde\.m2\repository\org\slf4j\slf4j-api\1.7.30\slf4j-api-1.7.30.jar;C:\Users\galde\.m2\repository\org\liquibase\liquibase-maven-plugin\3.8.8\liquibase-maven-plugin-3.8.8.jar;C:\Users\galde\.m2\repository\org\apache\maven\maven-plugin-api\3.3.9\maven-plugin-api-3.3.9.jar;C:\Users\galde\.m2\repository\org\apache\maven\maven-model\3.3.9\maven-model-3.3.9.jar;C:\Users\galde\.m2\repository\org\eclipse\sisu\org.eclipse.sisu.plexus\0.3.2\org.eclipse.sisu.plexus-0.3.2.jar;C:\Users\galde\.m2\repository\javax\enterprise\cdi-api\1.0\cdi-api-1.0.jar;C:\Users\galde\.m2\repository\javax\annotation\jsr250-api\1.0\jsr250-api-1.0.jar;C:\Users\galde\.m2\repository\org\eclipse\sisu\org.eclipse.sisu.inject\0.3.2\org.eclipse.sisu.inject-0.3.2.jar;C:\Users\galde\.m2\repository\org\apache\maven\maven-core\3.3.9\maven-core-3.3.9.jar;C:\Users\galde\.m2\repository\org\apache\maven\maven-settings\3.3.9\maven-settings-3.3.9.jar;C:\Users\galde\.m2\repository\org\apache\maven\maven-settings-builder\3.3.9\maven-settings-builder-3.3.9.jar;C:\Users\galde\.m2\repository\org\apache\maven\maven-builder-support\3.3.9\maven-builder-support-3.3.9.jar;C:\Users\galde\.m2\repository\org\apache\maven\maven-repository-metadata\3.3.9\maven-repository-metadata-3.3.9.jar;C:\Users\galde\.m2\repository\org\apache\maven\maven-model-builder\3.3.9\maven-model-builder-3.3.9.jar;C:\Users\galde\.m2\repository\com\google\guava\guava\18.0\guava-18.0.jar;C:\Users\galde\.m2\repository\org\apache\maven\maven-aether-provider\3.3.9\maven-aether-provider-3.3.9.jar;C:\Users\galde\.m2\repository\org\eclipse\aether\aether-spi\1.0.2.v20150114\aether-spi-1.0.2.v20150114.jar;C:\Users\galde\.m2\repository\org\eclipse\aether\aether-impl\1.0.2.v20150114\aether-impl-1.0.2.v20150114.jar;C:\Users\galde\.m2\repository\org\eclipse\aether\aether-api\1.0.2.v20150114\aether-api-1.0.2.v20150114.jar;C:\Users\galde\.m2\repository\org\eclipse\aether\aether-util\1.0.2.v20150114\aether-util-1.0.2.v20150114.jar;C:\Users\galde\.m2\repository\com\google\inject\guice\4.0\guice-4.0-no_aop.jar;C:\Users\galde\.m2\repository\javax\inject\javax.inject\1\javax.inject-1.jar;C:\Users\galde\.m2\repository\aopalliance\aopalliance\1.0\aopalliance-1.0.jar;C:\Users\galde\.m2\repository\org\codehaus\plexus\plexus-interpolation\1.21\plexus-interpolation-1.21.jar;C:\Users\galde\.m2\repository\org\codehaus\plexus\plexus-utils\3.0.22\plexus-utils-3.0.22.jar;C:\Users\galde\.m2\repository\org\codehaus\plexus\plexus-classworlds\2.5.2\plexus-classworlds-2.5.2.jar;C:\Users\galde\.m2\repository\org\codehaus\plexus\plexus-component-annotations\1.6\plexus-component-annotations-1.6.jar;C:\Users\galde\.m2\repository\org\sonatype\plexus\plexus-sec-dispatcher\1.3\plexus-sec-dispatcher-1.3.jar;C:\Users\galde\.m2\repository\org\sonatype\plexus\plexus-cipher\1.4\plexus-cipher-1.4.jar;C:\Users\galde\.m2\repository\org\apache\commons\commons-lang3\3.9\commons-lang3-3.9.jar;C:\Users\galde\.m2\repository\org\apache\maven\maven-artifact\3.3.9\maven-artifact-3.3.9.jar;C:\Users\galde\.m2\repository\org\apache\maven\maven-compat\3.3.9\maven-compat-3.3.9.jar;C:\Users\galde\.m2\repository\org\apache\maven\wagon\wagon-provider-api\2.10\wagon-provider-api-2.10.jar;C:\Users\galde\.m2\repository\ch\qos\logback\logback-classic\1.2.3\logback-classic-1.2.3.jar;C:\Users\galde\.m2\repository\ch\qos\logback\logback-core\1.2.3\logback-core-1.2.3.jar;C:\Users\galde\.m2\repository\org\testcontainers\postgresql\1.11.4\postgresql-1.11.4.jar;C:\Users\galde\.m2\repository\org\testcontainers\jdbc\1.11.4\jdbc-1.11.4.jar;C:\Users\galde\.m2\repository\org\testcontainers\database-commons\1.11.4\database-commons-1.11.4.jar;C:\Users\galde\.m2\repository\org\testcontainers\testcontainers\1.11.4\testcontainers-1.11.4.jar;C:\Users\galde\.m2\repository\org\jetbrains\annotations\17.0.0\annotations-17.0.0.jar;C:\Users\galde\.m2\repository\javax\annotation\javax.annotation-api\1.3.2\javax.annotation-api-1.3.2.jar;C:\Users\galde\.m2\repository\org\apache\commons\commons-compress\1.18\commons-compress-1.18.jar;C:\Users\galde\.m2\repository\org\rnorth\duct-tape\duct-tape\1.0.7\duct-tape-1.0.7.jar;C:\Users\galde\.m2\repository\org\rnorth\visible-assertions\visible-assertions\2.1.2\visible-assertions-2.1.2.jar;C:\Users\galde\.m2\repository\net\java\dev\jna\jna\4.5.2\jna-4.5.2.jar;C:\Users\galde\.m2\repository\org\rnorth\tcp-unix-socket-proxy\1.0.2\tcp-unix-socket-proxy-1.0.2.jar;C:\Users\galde\.m2\repository\com\kohlschutter\junixsocket\junixsocket-native-common\2.0.4\junixsocket-native-common-2.0.4.jar;C:\Users\galde\.m2\repository\org\scijava\native-lib-loader\2.0.2\native-lib-loader-2.0.2.jar;C:\Users\galde\.m2\repository\com\kohlschutter\junixsocket\junixsocket-common\2.0.4\junixsocket-common-2.0.4.jar;C:\Users\galde\.m2\repository\net\java\dev\jna\jna-platform\4.5.2\jna-platform-4.5.2.jar;C:\Users\galde\.m2\repository\com\fasterxml\jackson\core\jackson-annotations\2.11.0\jackson-annotations-2.11.0.jar;C:\Users\galde\.m2\repository\org\springframework\boot\spring-boot-starter\2.2.6.RELEASE\spring-boot-starter-2.2.6.RELEASE.jar;C:\Users\galde\.m2\repository\org\springframework\boot\spring-boot\2.2.6.RELEASE\spring-boot-2.2.6.RELEASE.jar;C:\Users\galde\.m2\repository\org\springframework\spring-context\5.2.5.RELEASE\spring-context-5.2.5.RELEASE.jar;C:\Users\galde\.m2\repository\org\springframework\spring-expression\5.2.5.RELEASE\spring-expression-5.2.5.RELEASE.jar;C:\Users\galde\.m2\repository\org\springframework\boot\spring-boot-autoconfigure\2.2.6.RELEASE\spring-boot-autoconfigure-2.2.6.RELEASE.jar;C:\Users\galde\.m2\repository\org\springframework\boot\spring-boot-starter-logging\2.2.6.RELEASE\spring-boot-starter-logging-2.2.6.RELEASE.jar;C:\Users\galde\.m2\repository\org\apache\logging\log4j\log4j-to-slf4j\2.12.1\log4j-to-slf4j-2.12.1.jar;C:\Users\galde\.m2\repository\org\apache\logging\log4j\log4j-api\2.12.1\log4j-api-2.12.1.jar;C:\Users\galde\.m2\repository\org\slf4j\jul-to-slf4j\1.7.30\jul-to-slf4j-1.7.30.jar;C:\Users\galde\.m2\repository\jakarta\annotation\jakarta.annotation-api\1.3.5\jakarta.annotation-api-1.3.5.jar;C:\Users\galde\.m2\repository\org\springframework\spring-core\5.2.5.RELEASE\spring-core-5.2.5.RELEASE.jar;C:\Users\galde\.m2\repository\org\springframework\spring-jcl\5.2.5.RELEASE\spring-jcl-5.2.5.RELEASE.jar;C:\Users\galde\.m2\repository\org\yaml\snakeyaml\1.25\snakeyaml-1.25.jar;C:\Users\galde\.m2\repository\org\springframework\boot\spring-boot-starter-data-jpa\2.2.6.RELEASE\spring-boot-starter-data-jpa-2.2.6.RELEASE.jar;C:\Users\galde\.m2\repository\org\springframework\boot\spring-boot-starter-aop\2.2.6.RELEASE\spring-boot-starter-aop-2.2.6.RELEASE.jar;C:\Users\galde\.m2\repository\org\springframework\spring-aop\5.2.5.RELEASE\spring-aop-5.2.5.RELEASE.jar;C:\Users\galde\.m2\repository\org\aspectj\aspectjweaver\1.9.5\aspectjweaver-1.9.5.jar;C:\Users\galde\.m2\repository\org\springframework\boot\spring-boot-starter-jdbc\2.2.6.RELEASE\spring-boot-starter-jdbc-2.2.6.RELEASE.jar;C:\Users\galde\.m2\repository\com\zaxxer\HikariCP\3.4.2\HikariCP-3.4.2.jar;C:\Users\galde\.m2\repository\org\springframework\spring-jdbc\5.2.5.RELEASE\spring-jdbc-5.2.5.RELEASE.jar;C:\Users\galde\.m2\repository\jakarta\activation\jakarta.activation-api\1.2.2\jakarta.activation-api-1.2.2.jar;C:\Users\galde\.m2\repository\jakarta\persistence\jakarta.persistence-api\2.2.3\jakarta.persistence-api-2.2.3.jar;C:\Users\galde\.m2\repository\jakarta\transaction\jakarta.transaction-api\1.3.3\jakarta.transaction-api-1.3.3.jar;C:\Users\galde\.m2\repository\org\springframework\data\spring-data-jpa\2.2.6.RELEASE\spring-data-jpa-2.2.6.RELEASE.jar;C:\Users\galde\.m2\repository\org\springframework\data\spring-data-commons\2.2.6.RELEASE\spring-data-commons-2.2.6.RELEASE.jar;C:\Users\galde\.m2\repository\org\springframework\spring-orm\5.2.5.RELEASE\spring-orm-5.2.5.RELEASE.jar;C:\Users\galde\.m2\repository\org\springframework\spring-tx\5.2.5.RELEASE\spring-tx-5.2.5.RELEASE.jar;C:\Users\galde\.m2\repository\org\springframework\spring-beans\5.2.5.RELEASE\spring-beans-5.2.5.RELEASE.jar;C:\Users\galde\.m2\repository\org\springframework\spring-aspects\5.2.5.RELEASE\spring-aspects-5.2.5.RELEASE.jar;C:\Users\galde\.m2\repository\org\springframework\boot\spring-boot-starter-test\2.2.6.RELEASE\spring-boot-starter-test-2.2.6.RELEASE.jar;C:\Users\galde\.m2\repository\org\springframework\boot\spring-boot-test\2.2.6.RELEASE\spring-boot-test-2.2.6.RELEASE.jar;C:\Users\galde\.m2\repository\org\springframework\boot\spring-boot-test-autoconfigure\2.2.6.RELEASE\spring-boot-test-autoconfigure-2.2.6.RELEASE.jar;C:\Users\galde\.m2\repository\com\jayway\jsonpath\json-path\2.4.0\json-path-2.4.0.jar;C:\Users\galde\.m2\repository\net\minidev\json-smart\2.3\json-smart-2.3.jar;C:\Users\galde\.m2\repository\net\minidev\accessors-smart\1.2\accessors-smart-1.2.jar;C:\Users\galde\.m2\repository\org\ow2\asm\asm\5.0.4\asm-5.0.4.jar;C:\Users\galde\.m2\repository\jakarta\xml\bind\jakarta.xml.bind-api\2.3.3\jakarta.xml.bind-api-2.3.3.jar;C:\Users\galde\.m2\repository\org\junit\jupiter\junit-jupiter\5.5.2\junit-jupiter-5.5.2.jar;C:\Users\galde\.m2\repository\org\junit\jupiter\junit-jupiter-api\5.5.2\junit-jupiter-api-5.5.2.jar;C:\Users\galde\.m2\repository\org\opentest4j\opentest4j\1.2.0\opentest4j-1.2.0.jar;C:\Users\galde\.m2\repository\org\junit\platform\junit-platform-commons\1.5.2\junit-platform-commons-1.5.2.jar;C:\Users\galde\.m2\repository\org\junit\jupiter\junit-jupiter-params\5.5.2\junit-jupiter-params-5.5.2.jar;C:\Users\galde\.m2\repository\org\junit\jupiter\junit-jupiter-engine\5.5.2\junit-jupiter-engine-5.5.2.jar;C:\Users\galde\.m2\repository\org\junit\vintage\junit-vintage-engine\5.5.2\junit-vintage-engine-5.5.2.jar;C:\Users\galde\.m2\repository\org\apiguardian\apiguardian-api\1.1.0\apiguardian-api-1.1.0.jar;C:\Users\galde\.m2\repository\org\junit\platform\junit-platform-engine\1.5.2\junit-platform-engine-1.5.2.jar;C:\Users\galde\.m2\repository\junit\junit\4.12\junit-4.12.jar;C:\Users\galde\.m2\repository\org\mockito\mockito-junit-jupiter\3.1.0\mockito-junit-jupiter-3.1.0.jar;C:\Users\galde\.m2\repository\org\assertj\assertj-core\3.13.2\assertj-core-3.13.2.jar;C:\Users\galde\.m2\repository\org\hamcrest\hamcrest\2.1\hamcrest-2.1.jar;C:\Users\galde\.m2\repository\org\mockito\mockito-core\3.1.0\mockito-core-3.1.0.jar;C:\Users\galde\.m2\repository\net\bytebuddy\byte-buddy-agent\1.10.8\byte-buddy-agent-1.10.8.jar;C:\Users\galde\.m2\repository\org\objenesis\objenesis\2.6\objenesis-2.6.jar;C:\Users\galde\.m2\repository\org\skyscreamer\jsonassert\1.5.0\jsonassert-1.5.0.jar;C:\Users\galde\.m2\repository\com\vaadin\external\google\android-json\0.0.20131108.vaadin1\android-json-0.0.20131108.vaadin1.jar;C:\Users\galde\.m2\repository\org\springframework\spring-test\5.2.5.RELEASE\spring-test-5.2.5.RELEASE.jar;C:\Users\galde\.m2\repository\org\xmlunit\xmlunit-core\2.6.4\xmlunit-core-2.6.4.jar;C:\Users\galde\.m2\repository\org\projectlombok\lombok\1.18.12\lombok-1.18.12.jar;C:\Users\galde\.m2\repository\org\postgresql\postgresql\42.2.11\postgresql-42.2.11.jar;"/>
    <property name="java.vm.vendor" value="JetBrains s.r.o"/>
    <property name="sun.arch.data.model" value="64"/>
    <property name="user.variant" value=""/>
    <property name="java.vendor.url" value="https://www.jetbrains.com/"/>
    <property name="user.timezone" value="Europe/Helsinki"/>
    <property name="java.vm.specification.version" value="11"/>
    <property name="os.name" value="Windows 10"/>
    <property name="sun.java.launcher" value="SUN_STANDARD"/>
    <property name="user.country" value="US"/>
    <property name="sun.boot.library.path" value="C:\Program Files\JetBrains\IntelliJ IDEA Community Edition 2019.2.3\jbr\bin"/>
    <property name="sun.java.command" value="C:\Users\galde\AppData\Local\Temp\surefire4324285653207591219\surefirebooter3366997276288959429.jar C:\Users\galde\AppData\Local\Temp\surefire4324285653207591219 2020-06-18T14-05-58_762-jvmRun1 surefire4428522223624773651tmp surefire_0724257422888401533tmp"/>
    <property name="jdk.debug" value="release"/>
    <property name="surefire.test.class.path" value="D:\MonMon\monmon-back\monmon-categories-parser\target\test-classes;D:\MonMon\monmon-back\monmon-categories-parser\target\classes;C:\Users\galde\.m2\repository\org\apache\poi\poi\3.17\poi-3.17.jar;C:\Users\galde\.m2\repository\commons-codec\commons-codec\1.13\commons-codec-1.13.jar;C:\Users\galde\.m2\repository\org\apache\commons\commons-collections4\4.1\commons-collections4-4.1.jar;C:\Users\galde\.m2\repository\org\apache\poi\poi-ooxml\3.17\poi-ooxml-3.17.jar;C:\Users\galde\.m2\repository\org\apache\poi\poi-ooxml-schemas\3.17\poi-ooxml-schemas-3.17.jar;C:\Users\galde\.m2\repository\org\apache\xmlbeans\xmlbeans\2.6.0\xmlbeans-2.6.0.jar;C:\Users\galde\.m2\repository\stax\stax-api\1.0.1\stax-api-1.0.1.jar;C:\Users\galde\.m2\repository\com\github\virtuald\curvesapi\1.04\curvesapi-1.04.jar;C:\Users\galde\.m2\repository\org\hibernate\hibernate-search-orm\5.11.4.Final\hibernate-search-orm-5.11.4.Final.jar;C:\Users\galde\.m2\repository\org\hibernate\hibernate-search-engine\5.11.4.Final\hibernate-search-engine-5.11.4.Final.jar;C:\Users\galde\.m2\repository\org\hibernate\common\hibernate-commons-annotations\5.1.0.Final\hibernate-commons-annotations-5.1.0.Final.jar;C:\Users\galde\.m2\repository\org\apache\lucene\lucene-core\5.5.5\lucene-core-5.5.5.jar;C:\Users\galde\.m2\repository\org\apache\lucene\lucene-misc\5.5.5\lucene-misc-5.5.5.jar;C:\Users\galde\.m2\repository\org\apache\lucene\lucene-analyzers-common\5.5.5\lucene-analyzers-common-5.5.5.jar;C:\Users\galde\.m2\repository\org\apache\lucene\lucene-facet\5.5.5\lucene-facet-5.5.5.jar;C:\Users\galde\.m2\repository\org\apache\lucene\lucene-queries\5.5.5\lucene-queries-5.5.5.jar;C:\Users\galde\.m2\repository\org\apache\lucene\lucene-queryparser\5.5.5\lucene-queryparser-5.5.5.jar;C:\Users\galde\.m2\repository\org\jboss\logging\jboss-logging\3.4.1.Final\jboss-logging-3.4.1.Final.jar;C:\Users\galde\.m2\repository\org\hibernate\hibernate-core\5.4.12.Final\hibernate-core-5.4.12.Final.jar;C:\Users\galde\.m2\repository\javax\persistence\javax.persistence-api\2.2\javax.persistence-api-2.2.jar;C:\Users\galde\.m2\repository\org\javassist\javassist\3.24.0-GA\javassist-3.24.0-GA.jar;C:\Users\galde\.m2\repository\net\bytebuddy\byte-buddy\1.10.8\byte-buddy-1.10.8.jar;C:\Users\galde\.m2\repository\antlr\antlr\2.7.7\antlr-2.7.7.jar;C:\Users\galde\.m2\repository\org\jboss\spec\javax\transaction\jboss-transaction-api_1.2_spec\1.1.1.Final\jboss-transaction-api_1.2_spec-1.1.1.Final.jar;C:\Users\galde\.m2\repository\org\jboss\jandex\2.1.1.Final\jandex-2.1.1.Final.jar;C:\Users\galde\.m2\repository\com\fasterxml\classmate\1.5.1\classmate-1.5.1.jar;C:\Users\galde\.m2\repository\javax\activation\javax.activation-api\1.2.0\javax.activation-api-1.2.0.jar;C:\Users\galde\.m2\repository\org\dom4j\dom4j\2.1.1\dom4j-2.1.1.jar;C:\Users\galde\.m2\repository\org\glassfish\jaxb\jaxb-runtime\2.3.2\jaxb-runtime-2.3.2.jar;C:\Users\galde\.m2\repository\org\glassfish\jaxb\txw2\2.3.2\txw2-2.3.2.jar;C:\Users\galde\.m2\repository\com\sun\istack\istack-commons-runtime\3.0.8\istack-commons-runtime-3.0.8.jar;C:\Users\galde\.m2\repository\org\jvnet\staxex\stax-ex\1.8.1\stax-ex-1.8.1.jar;C:\Users\galde\.m2\repository\com\sun\xml\fastinfoset\FastInfoset\1.2.16\FastInfoset-1.2.16.jar;C:\Users\galde\.m2\repository\org\liquibase\liquibase-core\3.8.8\liquibase-core-3.8.8.jar;C:\Users\galde\.m2\repository\javax\xml\bind\jaxb-api\2.3.1\jaxb-api-2.3.1.jar;C:\Users\galde\.m2\repository\org\slf4j\slf4j-api\1.7.30\slf4j-api-1.7.30.jar;C:\Users\galde\.m2\repository\org\liquibase\liquibase-maven-plugin\3.8.8\liquibase-maven-plugin-3.8.8.jar;C:\Users\galde\.m2\repository\org\apache\maven\maven-plugin-api\3.3.9\maven-plugin-api-3.3.9.jar;C:\Users\galde\.m2\repository\org\apache\maven\maven-model\3.3.9\maven-model-3.3.9.jar;C:\Users\galde\.m2\repository\org\eclipse\sisu\org.eclipse.sisu.plexus\0.3.2\org.eclipse.sisu.plexus-0.3.2.jar;C:\Users\galde\.m2\repository\javax\enterprise\cdi-api\1.0\cdi-api-1.0.jar;C:\Users\galde\.m2\repository\javax\annotation\jsr250-api\1.0\jsr250-api-1.0.jar;C:\Users\galde\.m2\repository\org\eclipse\sisu\org.eclipse.sisu.inject\0.3.2\org.eclipse.sisu.inject-0.3.2.jar;C:\Users\galde\.m2\repository\org\apache\maven\maven-core\3.3.9\maven-core-3.3.9.jar;C:\Users\galde\.m2\repository\org\apache\maven\maven-settings\3.3.9\maven-settings-3.3.9.jar;C:\Users\galde\.m2\repository\org\apache\maven\maven-settings-builder\3.3.9\maven-settings-builder-3.3.9.jar;C:\Users\galde\.m2\repository\org\apache\maven\maven-builder-support\3.3.9\maven-builder-support-3.3.9.jar;C:\Users\galde\.m2\repository\org\apache\maven\maven-repository-metadata\3.3.9\maven-repository-metadata-3.3.9.jar;C:\Users\galde\.m2\repository\org\apache\maven\maven-model-builder\3.3.9\maven-model-builder-3.3.9.jar;C:\Users\galde\.m2\repository\com\google\guava\guava\18.0\guava-18.0.jar;C:\Users\galde\.m2\repository\org\apache\maven\maven-aether-provider\3.3.9\maven-aether-provider-3.3.9.jar;C:\Users\galde\.m2\repository\org\eclipse\aether\aether-spi\1.0.2.v20150114\aether-spi-1.0.2.v20150114.jar;C:\Users\galde\.m2\repository\org\eclipse\aether\aether-impl\1.0.2.v20150114\aether-impl-1.0.2.v20150114.jar;C:\Users\galde\.m2\repository\org\eclipse\aether\aether-api\1.0.2.v20150114\aether-api-1.0.2.v20150114.jar;C:\Users\galde\.m2\repository\org\eclipse\aether\aether-util\1.0.2.v20150114\aether-util-1.0.2.v20150114.jar;C:\Users\galde\.m2\repository\com\google\inject\guice\4.0\guice-4.0-no_aop.jar;C:\Users\galde\.m2\repository\javax\inject\javax.inject\1\javax.inject-1.jar;C:\Users\galde\.m2\repository\aopalliance\aopalliance\1.0\aopalliance-1.0.jar;C:\Users\galde\.m2\repository\org\codehaus\plexus\plexus-interpolation\1.21\plexus-interpolation-1.21.jar;C:\Users\galde\.m2\repository\org\codehaus\plexus\plexus-utils\3.0.22\plexus-utils-3.0.22.jar;C:\Users\galde\.m2\repository\org\codehaus\plexus\plexus-classworlds\2.5.2\plexus-classworlds-2.5.2.jar;C:\Users\galde\.m2\repository\org\codehaus\plexus\plexus-component-annotations\1.6\plexus-component-annotations-1.6.jar;C:\Users\galde\.m2\repository\org\sonatype\plexus\plexus-sec-dispatcher\1.3\plexus-sec-dispatcher-1.3.jar;C:\Users\galde\.m2\repository\org\sonatype\plexus\plexus-cipher\1.4\plexus-cipher-1.4.jar;C:\Users\galde\.m2\repository\org\apache\commons\commons-lang3\3.9\commons-lang3-3.9.jar;C:\Users\galde\.m2\repository\org\apache\maven\maven-artifact\3.3.9\maven-artifact-3.3.9.jar;C:\Users\galde\.m2\repository\org\apache\maven\maven-compat\3.3.9\maven-compat-3.3.9.jar;C:\Users\galde\.m2\repository\org\apache\maven\wagon\wagon-provider-api\2.10\wagon-provider-api-2.10.jar;C:\Users\galde\.m2\repository\ch\qos\logback\logback-classic\1.2.3\logback-classic-1.2.3.jar;C:\Users\galde\.m2\repository\ch\qos\logback\logback-core\1.2.3\logback-core-1.2.3.jar;C:\Users\galde\.m2\repository\org\testcontainers\postgresql\1.11.4\postgresql-1.11.4.jar;C:\Users\galde\.m2\repository\org\testcontainers\jdbc\1.11.4\jdbc-1.11.4.jar;C:\Users\galde\.m2\repository\org\testcontainers\database-commons\1.11.4\database-commons-1.11.4.jar;C:\Users\galde\.m2\repository\org\testcontainers\testcontainers\1.11.4\testcontainers-1.11.4.jar;C:\Users\galde\.m2\repository\org\jetbrains\annotations\17.0.0\annotations-17.0.0.jar;C:\Users\galde\.m2\repository\javax\annotation\javax.annotation-api\1.3.2\javax.annotation-api-1.3.2.jar;C:\Users\galde\.m2\repository\org\apache\commons\commons-compress\1.18\commons-compress-1.18.jar;C:\Users\galde\.m2\repository\org\rnorth\duct-tape\duct-tape\1.0.7\duct-tape-1.0.7.jar;C:\Users\galde\.m2\repository\org\rnorth\visible-assertions\visible-assertions\2.1.2\visible-assertions-2.1.2.jar;C:\Users\galde\.m2\repository\net\java\dev\jna\jna\4.5.2\jna-4.5.2.jar;C:\Users\galde\.m2\repository\org\rnorth\tcp-unix-socket-proxy\1.0.2\tcp-unix-socket-proxy-1.0.2.jar;C:\Users\galde\.m2\repository\com\kohlschutter\junixsocket\junixsocket-native-common\2.0.4\junixsocket-native-common-2.0.4.jar;C:\Users\galde\.m2\repository\org\scijava\native-lib-loader\2.0.2\native-lib-loader-2.0.2.jar;C:\Users\galde\.m2\repository\com\kohlschutter\junixsocket\junixsocket-common\2.0.4\junixsocket-common-2.0.4.jar;C:\Users\galde\.m2\repository\net\java\dev\jna\jna-platform\4.5.2\jna-platform-4.5.2.jar;C:\Users\galde\.m2\repository\com\fasterxml\jackson\core\jackson-annotations\2.11.0\jackson-annotations-2.11.0.jar;C:\Users\galde\.m2\repository\org\springframework\boot\spring-boot-starter\2.2.6.RELEASE\spring-boot-starter-2.2.6.RELEASE.jar;C:\Users\galde\.m2\repository\org\springframework\boot\spring-boot\2.2.6.RELEASE\spring-boot-2.2.6.RELEASE.jar;C:\Users\galde\.m2\repository\org\springframework\spring-context\5.2.5.RELEASE\spring-context-5.2.5.RELEASE.jar;C:\Users\galde\.m2\repository\org\springframework\spring-expression\5.2.5.RELEASE\spring-expression-5.2.5.RELEASE.jar;C:\Users\galde\.m2\repository\org\springframework\boot\spring-boot-autoconfigure\2.2.6.RELEASE\spring-boot-autoconfigure-2.2.6.RELEASE.jar;C:\Users\galde\.m2\repository\org\springframework\boot\spring-boot-starter-logging\2.2.6.RELEASE\spring-boot-starter-logging-2.2.6.RELEASE.jar;C:\Users\galde\.m2\repository\org\apache\logging\log4j\log4j-to-slf4j\2.12.1\log4j-to-slf4j-2.12.1.jar;C:\Users\galde\.m2\repository\org\apache\logging\log4j\log4j-api\2.12.1\log4j-api-2.12.1.jar;C:\Users\galde\.m2\repository\org\slf4j\jul-to-slf4j\1.7.30\jul-to-slf4j-1.7.30.jar;C:\Users\galde\.m2\repository\jakarta\annotation\jakarta.annotation-api\1.3.5\jakarta.annotation-api-1.3.5.jar;C:\Users\galde\.m2\repository\org\springframework\spring-core\5.2.5.RELEASE\spring-core-5.2.5.RELEASE.jar;C:\Users\galde\.m2\repository\org\springframework\spring-jcl\5.2.5.RELEASE\spring-jcl-5.2.5.RELEASE.jar;C:\Users\galde\.m2\repository\org\yaml\snakeyaml\1.25\snakeyaml-1.25.jar;C:\Users\galde\.m2\repository\org\springframework\boot\spring-boot-starter-data-jpa\2.2.6.RELEASE\spring-boot-starter-data-jpa-2.2.6.RELEASE.jar;C:\Users\galde\.m2\repository\org\springframework\boot\spring-boot-starter-aop\2.2.6.RELEASE\spring-boot-starter-aop-2.2.6.RELEASE.jar;C:\Users\galde\.m2\repository\org\springframework\spring-aop\5.2.5.RELEASE\spring-aop-5.2.5.RELEASE.jar;C:\Users\galde\.m2\repository\org\aspectj\aspectjweaver\1.9.5\aspectjweaver-1.9.5.jar;C:\Users\galde\.m2\repository\org\springframework\boot\spring-boot-starter-jdbc\2.2.6.RELEASE\spring-boot-starter-jdbc-2.2.6.RELEASE.jar;C:\Users\galde\.m2\repository\com\zaxxer\HikariCP\3.4.2\HikariCP-3.4.2.jar;C:\Users\galde\.m2\repository\org\springframework\spring-jdbc\5.2.5.RELEASE\spring-jdbc-5.2.5.RELEASE.jar;C:\Users\galde\.m2\repository\jakarta\activation\jakarta.activation-api\1.2.2\jakarta.activation-api-1.2.2.jar;C:\Users\galde\.m2\repository\jakarta\persistence\jakarta.persistence-api\2.2.3\jakarta.persistence-api-2.2.3.jar;C:\Users\galde\.m2\repository\jakarta\transaction\jakarta.transaction-api\1.3.3\jakarta.transaction-api-1.3.3.jar;C:\Users\galde\.m2\repository\org\springframework\data\spring-data-jpa\2.2.6.RELEASE\spring-data-jpa-2.2.6.RELEASE.jar;C:\Users\galde\.m2\repository\org\springframework\data\spring-data-commons\2.2.6.RELEASE\spring-data-commons-2.2.6.RELEASE.jar;C:\Users\galde\.m2\repository\org\springframework\spring-orm\5.2.5.RELEASE\spring-orm-5.2.5.RELEASE.jar;C:\Users\galde\.m2\repository\org\springframework\spring-tx\5.2.5.RELEASE\spring-tx-5.2.5.RELEASE.jar;C:\Users\galde\.m2\repository\org\springframework\spring-beans\5.2.5.RELEASE\spring-beans-5.2.5.RELEASE.jar;C:\Users\galde\.m2\repository\org\springframework\spring-aspects\5.2.5.RELEASE\spring-aspects-5.2.5.RELEASE.jar;C:\Users\galde\.m2\repository\org\springframework\boot\spring-boot-starter-test\2.2.6.RELEASE\spring-boot-starter-test-2.2.6.RELEASE.jar;C:\Users\galde\.m2\repository\org\springframework\boot\spring-boot-test\2.2.6.RELEASE\spring-boot-test-2.2.6.RELEASE.jar;C:\Users\galde\.m2\repository\org\springframework\boot\spring-boot-test-autoconfigure\2.2.6.RELEASE\spring-boot-test-autoconfigure-2.2.6.RELEASE.jar;C:\Users\galde\.m2\repository\com\jayway\jsonpath\json-path\2.4.0\json-path-2.4.0.jar;C:\Users\galde\.m2\repository\net\minidev\json-smart\2.3\json-smart-2.3.jar;C:\Users\galde\.m2\repository\net\minidev\accessors-smart\1.2\accessors-smart-1.2.jar;C:\Users\galde\.m2\repository\org\ow2\asm\asm\5.0.4\asm-5.0.4.jar;C:\Users\galde\.m2\repository\jakarta\xml\bind\jakarta.xml.bind-api\2.3.3\jakarta.xml.bind-api-2.3.3.jar;C:\Users\galde\.m2\repository\org\junit\jupiter\junit-jupiter\5.5.2\junit-jupiter-5.5.2.jar;C:\Users\galde\.m2\repository\org\junit\jupiter\junit-jupiter-api\5.5.2\junit-jupiter-api-5.5.2.jar;C:\Users\galde\.m2\repository\org\opentest4j\opentest4j\1.2.0\opentest4j-1.2.0.jar;C:\Users\galde\.m2\repository\org\junit\platform\junit-platform-commons\1.5.2\junit-platform-commons-1.5.2.jar;C:\Users\galde\.m2\repository\org\junit\jupiter\junit-jupiter-params\5.5.2\junit-jupiter-params-5.5.2.jar;C:\Users\galde\.m2\repository\org\junit\jupiter\junit-jupiter-engine\5.5.2\junit-jupiter-engine-5.5.2.jar;C:\Users\galde\.m2\repository\org\junit\vintage\junit-vintage-engine\5.5.2\junit-vintage-engine-5.5.2.jar;C:\Users\galde\.m2\repository\org\apiguardian\apiguardian-api\1.1.0\apiguardian-api-1.1.0.jar;C:\Users\galde\.m2\repository\org\junit\platform\junit-platform-engine\1.5.2\junit-platform-engine-1.5.2.jar;C:\Users\galde\.m2\repository\junit\junit\4.12\junit-4.12.jar;C:\Users\galde\.m2\repository\org\mockito\mockito-junit-jupiter\3.1.0\mockito-junit-jupiter-3.1.0.jar;C:\Users\galde\.m2\repository\org\assertj\assertj-core\3.13.2\assertj-core-3.13.2.jar;C:\Users\galde\.m2\repository\org\hamcrest\hamcrest\2.1\hamcrest-2.1.jar;C:\Users\galde\.m2\repository\org\mockito\mockito-core\3.1.0\mockito-core-3.1.0.jar;C:\Users\galde\.m2\repository\net\bytebuddy\byte-buddy-agent\1.10.8\byte-buddy-agent-1.10.8.jar;C:\Users\galde\.m2\repository\org\objenesis\objenesis\2.6\objenesis-2.6.jar;C:\Users\galde\.m2\repository\org\skyscreamer\jsonassert\1.5.0\jsonassert-1.5.0.jar;C:\Users\galde\.m2\repository\com\vaadin\external\google\android-json\0.0.20131108.vaadin1\android-json-0.0.20131108.vaadin1.jar;C:\Users\galde\.m2\repository\org\springframework\spring-test\5.2.5.RELEASE\spring-test-5.2.5.RELEASE.jar;C:\Users\galde\.m2\repository\org\xmlunit\xmlunit-core\2.6.4\xmlunit-core-2.6.4.jar;C:\Users\galde\.m2\repository\org\projectlombok\lombok\1.18.12\lombok-1.18.12.jar;C:\Users\galde\.m2\repository\org\postgresql\postgresql\42.2.11\postgresql-42.2.11.jar;"/>
    <property name="sun.cpu.endian" value="little"/>
    <property name="user.home" value="C:\Users\galde"/>
    <property name="user.language" value="en"/>
    <property name="java.specification.vendor" value="Oracle Corporation"/>
    <property name="java.version.date" value="2019-07-16"/>
    <property name="java.home" value="C:\Program Files\JetBrains\IntelliJ IDEA Community Edition 2019.2.3\jbr"/>
    <property name="file.separator" value="\"/>
    <property name="basedir" value="D:\MonMon\monmon-back\monmon-categories-parser"/>
    <property name="java.vm.compressedOopsMode" value="32-bit"/>
    <property name="line.separator" value="&#10;"/>
    <property name="idea.version2019.2.3" value="true"/>
    <property name="java.specification.name" value="Java Platform API Specification"/>
    <property name="java.vm.specification.vendor" value="Oracle Corporation"/>
    <property name="java.awt.graphicsenv" value="sun.awt.Win32GraphicsEnvironment"/>
    <property name="surefire.real.class.path" value="C:\Users\galde\AppData\Local\Temp\surefire4324285653207591219\surefirebooter3366997276288959429.jar"/>
    <property name="user.script" value=""/>
    <property name="sun.management.compiler" value="HotSpot 64-Bit Tiered Compilers"/>
    <property name="java.runtime.version" value="11.0.4+10-b304.69"/>
    <property name="user.name" value="galde"/>
    <property name="path.separator" value=";"/>
    <property name="os.version" value="10.0"/>
    <property name="java.runtime.name" value="OpenJDK Runtime Environment"/>
    <property name="file.encoding" value="Cp1252"/>
    <property name="java.vm.name" value="OpenJDK 64-Bit Server VM"/>
    <property name="localRepository" value="C:\Users\galde\.m2\repository"/>
    <property name="java.vendor.url.bug" value="https://youtrack.jetbrains.com"/>
    <property name="java.io.tmpdir" value="C:\Users\galde\AppData\Local\Temp\"/>
    <property name="java.version" value="11.0.4"/>
    <property name="user.dir" value="D:\MonMon\monmon-back\monmon-categories-parser"/>
    <property name="os.arch" value="amd64"/>
    <property name="java.vm.specification.name" value="Java Virtual Machine Specification"/>
    <property name="java.awt.printerjob" value="sun.awt.windows.WPrinterJob"/>
    <property name="sun.os.patch.level" value=""/>
    <property name="java.library.path" value="C:\Program Files\JetBrains\IntelliJ IDEA Community Edition 2019.2.3\jbr\bin;C:\WINDOWS\Sun\Java\bin;C:\WINDOWS\system32;C:\WINDOWS;C:\Program Files\AdoptOpenJDK\jre-12.0.2.10-hotspot\bin;C:\Program Files\AdoptOpenJDK\jdk-12.0.2.10-hotspot\bin;C:\WINDOWS\system32;C:\WINDOWS;C:\WINDOWS\System32\Wbem;C:\WINDOWS\System32\WindowsPowerShell\v1.0\;C:\WINDOWS\System32\OpenSSH\;C:\Program Files\Git\cmd;C:\Program Files (x86)\Maven\apache-maven-3.6.2\bin;C:\Program Files\nodejs\;C:\Program Files\Java\jdk-12.0.2\bin;C:\Program Files\TortoiseGit\bin;C:\Users\galde\AppData\Local\Microsoft\WindowsApps;;C:\Users\galde\AppData\Local\Programs\Microsoft VS Code\bin;C:\Users\galde\AppData\Roaming\npm;C:\Program Files\Docker Toolbox;C:\Program Files\heroku\bin;."/>
    <property name="java.vendor" value="JetBrains s.r.o"/>
    <property name="java.vm.info" value="mixed mode, sharing"/>
    <property name="java.vm.version" value="11.0.4+10-b304.69"/>
    <property name="sun.io.unicode.encoding" value="UnicodeLittle"/>
    <property name="java.class.version" value="55.0"/>
  </properties>
  <testcase name="lt.galdebar.monmon.categoriesparser.ExcelParserIntegrationTests" classname="lt.galdebar.monmon.categoriesparser.ExcelParserIntegrationTests" time="107.563">
    <error type="java.lang.ExceptionInInitializerError"><![CDATA[java.lang.ExceptionInInitializerError
	at lt.galdebar.monmon.categoriesparser.ExcelParserIntegrationTests.<clinit>(ExcelParserIntegrationTests.java:44)
]]></error>
    <system-out><![CDATA[14:06:01.820 [main] DEBUG org.springframework.test.annotation.ProfileValueUtils - Retrieved @ProfileValueSourceConfiguration [null] for test class [lt.galdebar.monmon.categoriesparser.ExcelParserIntegrationTests]
14:06:01.823 [main] DEBUG org.springframework.test.annotation.ProfileValueUtils - Retrieved ProfileValueSource type [class org.springframework.test.annotation.SystemProfileValueSource] for class [lt.galdebar.monmon.categoriesparser.ExcelParserIntegrationTests]
14:06:01.827 [main] DEBUG org.springframework.test.annotation.ProfileValueUtils - Retrieved @ProfileValueSourceConfiguration [null] for test class [lt.galdebar.monmon.categoriesparser.ExcelParserIntegrationTests]
14:06:01.828 [main] DEBUG org.springframework.test.annotation.ProfileValueUtils - Retrieved ProfileValueSource type [class org.springframework.test.annotation.SystemProfileValueSource] for class [lt.galdebar.monmon.categoriesparser.ExcelParserIntegrationTests]
14:06:01.829 [main] DEBUG org.springframework.test.annotation.ProfileValueUtils - Retrieved @ProfileValueSourceConfiguration [null] for test class [lt.galdebar.monmon.categoriesparser.ExcelParserIntegrationTests]
14:06:01.829 [main] DEBUG org.springframework.test.annotation.ProfileValueUtils - Retrieved ProfileValueSource type [class org.springframework.test.annotation.SystemProfileValueSource] for class [lt.galdebar.monmon.categoriesparser.ExcelParserIntegrationTests]
14:06:02.282 [main] DEBUG org.testcontainers.utility.TestcontainersConfiguration - Testcontainers configuration overrides will be loaded from file:/D:/MonMon/monmon-back/monmon-categories-parser/target/test-classes/testcontainers.properties
14:06:02.290 [main] DEBUG org.testcontainers.utility.TestcontainersConfiguration - Testcontainers configuration overrides will be loaded from file:/D:/MonMon/monmon-back/monmon-categories-parser/target/test-classes/testcontainers.properties
14:06:02.291 [main] DEBUG org.testcontainers.utility.TestcontainersConfiguration - Testcontainers configuration overrides will be loaded from file:/C:/Users/galde/.testcontainers.properties
14:06:02.293 [main] DEBUG org.testcontainers.utility.TestcontainersConfiguration - Testcontainers configuration overrides loaded from TestcontainersConfiguration(properties={docker.client.strategy=org.testcontainers.dockerclient.EnvironmentAndSystemPropertyClientProviderStrategy, testcontainers.reuse.enable=true})
14:06:02.323 [main] INFO org.testcontainers.dockerclient.DockerClientProviderStrategy - Loaded org.testcontainers.dockerclient.EnvironmentAndSystemPropertyClientProviderStrategy from ~/.testcontainers.properties, will try it first
14:06:02.357 [main] INFO org.testcontainers.dockerclient.DockerClientProviderStrategy - Will use 'okhttp' transport
14:06:02.765 [ducttape-0] DEBUG org.testcontainers.dockerclient.DockerClientProviderStrategy - Pinging docker daemon...
14:06:03.007 [ducttape-0] DEBUG com.github.dockerjava.core.command.AbstrDockerCmd - Cmd: org.testcontainers.dockerclient.transport.okhttp.OkHttpDockerCmdExecFactory$1@2975b9c5
14:06:12.788 [main] ERROR org.testcontainers.dockerclient.EnvironmentAndSystemPropertyClientProviderStrategy - ping failed with configuration Environment variables, system properties and defaults. Resolved: 
    dockerHost=tcp://192.168.99.100:2376
    apiVersion='{UNKNOWN_VERSION}'
    registryUrl='https://index.docker.io/v1/'
    registryUsername='galde'
    registryPassword='null'
    registryEmail='null'
    dockerConfig='DefaultDockerClientConfig[dockerHost=tcp://192.168.99.100:2376,registryUsername=galde,registryPassword=<null>,registryEmail=<null>,registryUrl=https://index.docker.io/v1/,dockerConfigPath=C:\Users\galde/.docker,sslConfig=LocalDirectorySSLConfig{dockerCertPath=C:\Users\galde\.docker\machine\machines\default},apiVersion={UNKNOWN_VERSION},dockerConfig=<null>]'
 due to org.rnorth.ducttape.TimeoutException: org.rnorth.ducttape.TimeoutException: java.util.concurrent.TimeoutException
org.rnorth.ducttape.TimeoutException: org.rnorth.ducttape.TimeoutException: java.util.concurrent.TimeoutException
	at org.rnorth.ducttape.unreliables.Unreliables.retryUntilSuccess(Unreliables.java:53)
	at org.testcontainers.dockerclient.DockerClientProviderStrategy.ping(DockerClientProviderStrategy.java:186)
	at org.testcontainers.dockerclient.EnvironmentAndSystemPropertyClientProviderStrategy.test(EnvironmentAndSystemPropertyClientProviderStrategy.java:42)
	at org.testcontainers.dockerclient.DockerClientProviderStrategy.lambda$getFirstValidStrategy$2(DockerClientProviderStrategy.java:112)
	at java.base/java.util.stream.ReferencePipeline$7$1.accept(ReferencePipeline.java:271)
	at java.base/java.util.stream.StreamSpliterators$WrappingSpliterator.tryAdvance(StreamSpliterators.java:302)
	at java.base/java.util.stream.Streams$ConcatSpliterator.tryAdvance(Streams.java:720)
	at java.base/java.util.stream.ReferencePipeline.forEachWithCancel(ReferencePipeline.java:127)
	at java.base/java.util.stream.AbstractPipeline.copyIntoWithCancel(AbstractPipeline.java:502)
	at java.base/java.util.stream.AbstractPipeline.copyInto(AbstractPipeline.java:488)
	at java.base/java.util.stream.AbstractPipeline.wrapAndCopyInto(AbstractPipeline.java:474)
	at java.base/java.util.stream.FindOps$FindOp.evaluateSequential(FindOps.java:150)
	at java.base/java.util.stream.AbstractPipeline.evaluate(AbstractPipeline.java:234)
	at java.base/java.util.stream.ReferencePipeline.findAny(ReferencePipeline.java:548)
	at org.testcontainers.dockerclient.DockerClientProviderStrategy.getFirstValidStrategy(DockerClientProviderStrategy.java:147)
	at org.testcontainers.DockerClientFactory.client(DockerClientFactory.java:105)
	at org.testcontainers.containers.GenericContainer.<init>(GenericContainer.java:138)
	at org.testcontainers.containers.JdbcDatabaseContainer.<init>(JdbcDatabaseContainer.java:45)
	at org.testcontainers.containers.PostgreSQLContainer.<init>(PostgreSQLContainer.java:32)
	at lt.galdebar.monmon.categoriesparser.ExcelParserIntegrationTests.<clinit>(ExcelParserIntegrationTests.java:44)
	at java.base/jdk.internal.misc.Unsafe.ensureClassInitialized0(Native Method)
	at java.base/jdk.internal.misc.Unsafe.ensureClassInitialized(Unsafe.java:1042)
	at java.base/jdk.internal.reflect.UnsafeFieldAccessorFactory.newFieldAccessor(UnsafeFieldAccessorFactory.java:43)
	at java.base/jdk.internal.reflect.ReflectionFactory.newFieldAccessor(ReflectionFactory.java:186)
	at java.base/java.lang.reflect.Field.acquireFieldAccessor(Field.java:1105)
	at java.base/java.lang.reflect.Field.getFieldAccessor(Field.java:1086)
	at java.base/java.lang.reflect.Field.get(Field.java:418)
	at org.junit.runners.model.FrameworkField.get(FrameworkField.java:73)
	at org.junit.runners.model.TestClass.getAnnotatedFieldValues(TestClass.java:230)
	at org.junit.runners.ParentRunner.classRules(ParentRunner.java:255)
	at org.junit.runners.ParentRunner.withClassRules(ParentRunner.java:244)
	at org.junit.runners.ParentRunner.classBlock(ParentRunner.java:194)
	at org.junit.runners.ParentRunner.run(ParentRunner.java:362)
	at org.springframework.test.context.junit4.SpringJUnit4ClassRunner.run(SpringJUnit4ClassRunner.java:190)
	at org.junit.runner.JUnitCore.run(JUnitCore.java:137)
	at org.junit.runner.JUnitCore.run(JUnitCore.java:115)
	at org.junit.vintage.engine.execution.RunnerExecutor.execute(RunnerExecutor.java:40)
	at java.base/java.util.stream.ForEachOps$ForEachOp$OfRef.accept(ForEachOps.java:183)
	at java.base/java.util.stream.ReferencePipeline$3$1.accept(ReferencePipeline.java:195)
	at java.base/java.util.Iterator.forEachRemaining(Iterator.java:133)
	at java.base/java.util.Spliterators$IteratorSpliterator.forEachRemaining(Spliterators.java:1801)
	at java.base/java.util.stream.AbstractPipeline.copyInto(AbstractPipeline.java:484)
	at java.base/java.util.stream.AbstractPipeline.wrapAndCopyInto(AbstractPipeline.java:474)
	at java.base/java.util.stream.ForEachOps$ForEachOp.evaluateSequential(ForEachOps.java:150)
	at java.base/java.util.stream.ForEachOps$ForEachOp$OfRef.evaluateSequential(ForEachOps.java:173)
	at java.base/java.util.stream.AbstractPipeline.evaluate(AbstractPipeline.java:234)
	at java.base/java.util.stream.ReferencePipeline.forEach(ReferencePipeline.java:497)
	at org.junit.vintage.engine.VintageTestEngine.executeAllChildren(VintageTestEngine.java:80)
	at org.junit.vintage.engine.VintageTestEngine.execute(VintageTestEngine.java:71)
	at org.junit.platform.launcher.core.DefaultLauncher.execute(DefaultLauncher.java:220)
	at org.junit.platform.launcher.core.DefaultLauncher.lambda$execute$6(DefaultLauncher.java:188)
	at org.junit.platform.launcher.core.DefaultLauncher.withInterceptedStreams(DefaultLauncher.java:202)
	at org.junit.platform.launcher.core.DefaultLauncher.execute(DefaultLauncher.java:181)
	at org.junit.platform.launcher.core.DefaultLauncher.execute(DefaultLauncher.java:128)
	at org.apache.maven.surefire.junitplatform.JUnitPlatformProvider.invokeAllTests(JUnitPlatformProvider.java:150)
	at org.apache.maven.surefire.junitplatform.JUnitPlatformProvider.invoke(JUnitPlatformProvider.java:124)
	at org.apache.maven.surefire.booter.ForkedBooter.invokeProviderInSameClassLoader(ForkedBooter.java:384)
	at org.apache.maven.surefire.booter.ForkedBooter.runSuitesInProcess(ForkedBooter.java:345)
	at org.apache.maven.surefire.booter.ForkedBooter.execute(ForkedBooter.java:126)
	at org.apache.maven.surefire.booter.ForkedBooter.main(ForkedBooter.java:418)
Caused by: org.rnorth.ducttape.TimeoutException: java.util.concurrent.TimeoutException
	at org.rnorth.ducttape.timeouts.Timeouts.callFuture(Timeouts.java:70)
	at org.rnorth.ducttape.timeouts.Timeouts.getWithTimeout(Timeouts.java:43)
	at org.rnorth.ducttape.unreliables.Unreliables.retryUntilSuccess(Unreliables.java:38)
	... 59 common frames omitted
Caused by: java.util.concurrent.TimeoutException: null
	at java.base/java.util.concurrent.FutureTask.get(FutureTask.java:204)
	at org.rnorth.ducttape.timeouts.Timeouts.callFuture(Timeouts.java:65)
	... 61 common frames omitted
14:06:12.790 [main] DEBUG org.testcontainers.dockerclient.DockerClientProviderStrategy - EnvironmentAndSystemPropertyClientProviderStrategy: failed with exception InvalidConfigurationException (ping failed)
14:06:13.030 [main] INFO org.testcontainers.dockerclient.DockerClientProviderStrategy - Will use 'okhttp' transport
14:06:13.550 [ducttape-0] DEBUG org.testcontainers.dockerclient.DockerClientProviderStrategy - Pinging docker daemon...
14:06:13.550 [ducttape-0] DEBUG com.github.dockerjava.core.command.AbstrDockerCmd - Cmd: org.testcontainers.dockerclient.transport.okhttp.OkHttpDockerCmdExecFactory$1@bbafb41
14:06:13.561 [ducttape-1] DEBUG org.testcontainers.dockerclient.DockerClientProviderStrategy - Pinging docker daemon...
14:06:13.561 [ducttape-1] DEBUG com.github.dockerjava.core.command.AbstrDockerCmd - Cmd: org.testcontainers.dockerclient.transport.okhttp.OkHttpDockerCmdExecFactory$1@4cb3d18c
14:06:23.066 [main] ERROR org.testcontainers.dockerclient.EnvironmentAndSystemPropertyClientProviderStrategy - ping failed with configuration Environment variables, system properties and defaults. Resolved: 
    dockerHost=tcp://192.168.99.100:2376
    apiVersion='{UNKNOWN_VERSION}'
    registryUrl='https://index.docker.io/v1/'
    registryUsername='galde'
    registryPassword='null'
    registryEmail='null'
    dockerConfig='DefaultDockerClientConfig[dockerHost=tcp://192.168.99.100:2376,registryUsername=galde,registryPassword=<null>,registryEmail=<null>,registryUrl=https://index.docker.io/v1/,dockerConfigPath=C:\Users\galde/.docker,sslConfig=LocalDirectorySSLConfig{dockerCertPath=C:\Users\galde\.docker\machine\machines\default},apiVersion={UNKNOWN_VERSION},dockerConfig=<null>]'
 due to org.rnorth.ducttape.TimeoutException: org.rnorth.ducttape.TimeoutException: java.util.concurrent.TimeoutException
org.rnorth.ducttape.TimeoutException: org.rnorth.ducttape.TimeoutException: java.util.concurrent.TimeoutException
	at org.rnorth.ducttape.unreliables.Unreliables.retryUntilSuccess(Unreliables.java:53)
	at org.testcontainers.dockerclient.DockerClientProviderStrategy.ping(DockerClientProviderStrategy.java:186)
	at org.testcontainers.dockerclient.EnvironmentAndSystemPropertyClientProviderStrategy.test(EnvironmentAndSystemPropertyClientProviderStrategy.java:42)
	at org.testcontainers.dockerclient.DockerClientProviderStrategy.lambda$getFirstValidStrategy$2(DockerClientProviderStrategy.java:112)
	at java.base/java.util.stream.ReferencePipeline$7$1.accept(ReferencePipeline.java:271)
	at java.base/java.util.stream.StreamSpliterators$WrappingSpliterator.tryAdvance(StreamSpliterators.java:302)
	at java.base/java.util.stream.Streams$ConcatSpliterator.tryAdvance(Streams.java:723)
	at java.base/java.util.stream.ReferencePipeline.forEachWithCancel(ReferencePipeline.java:127)
	at java.base/java.util.stream.AbstractPipeline.copyIntoWithCancel(AbstractPipeline.java:502)
	at java.base/java.util.stream.AbstractPipeline.copyInto(AbstractPipeline.java:488)
	at java.base/java.util.stream.AbstractPipeline.wrapAndCopyInto(AbstractPipeline.java:474)
	at java.base/java.util.stream.FindOps$FindOp.evaluateSequential(FindOps.java:150)
	at java.base/java.util.stream.AbstractPipeline.evaluate(AbstractPipeline.java:234)
	at java.base/java.util.stream.ReferencePipeline.findAny(ReferencePipeline.java:548)
	at org.testcontainers.dockerclient.DockerClientProviderStrategy.getFirstValidStrategy(DockerClientProviderStrategy.java:147)
	at org.testcontainers.DockerClientFactory.client(DockerClientFactory.java:105)
	at org.testcontainers.containers.GenericContainer.<init>(GenericContainer.java:138)
	at org.testcontainers.containers.JdbcDatabaseContainer.<init>(JdbcDatabaseContainer.java:45)
	at org.testcontainers.containers.PostgreSQLContainer.<init>(PostgreSQLContainer.java:32)
	at lt.galdebar.monmon.categoriesparser.ExcelParserIntegrationTests.<clinit>(ExcelParserIntegrationTests.java:44)
	at java.base/jdk.internal.misc.Unsafe.ensureClassInitialized0(Native Method)
	at java.base/jdk.internal.misc.Unsafe.ensureClassInitialized(Unsafe.java:1042)
	at java.base/jdk.internal.reflect.UnsafeFieldAccessorFactory.newFieldAccessor(UnsafeFieldAccessorFactory.java:43)
	at java.base/jdk.internal.reflect.ReflectionFactory.newFieldAccessor(ReflectionFactory.java:186)
	at java.base/java.lang.reflect.Field.acquireFieldAccessor(Field.java:1105)
	at java.base/java.lang.reflect.Field.getFieldAccessor(Field.java:1086)
	at java.base/java.lang.reflect.Field.get(Field.java:418)
	at org.junit.runners.model.FrameworkField.get(FrameworkField.java:73)
	at org.junit.runners.model.TestClass.getAnnotatedFieldValues(TestClass.java:230)
	at org.junit.runners.ParentRunner.classRules(ParentRunner.java:255)
	at org.junit.runners.ParentRunner.withClassRules(ParentRunner.java:244)
	at org.junit.runners.ParentRunner.classBlock(ParentRunner.java:194)
	at org.junit.runners.ParentRunner.run(ParentRunner.java:362)
	at org.springframework.test.context.junit4.SpringJUnit4ClassRunner.run(SpringJUnit4ClassRunner.java:190)
	at org.junit.runner.JUnitCore.run(JUnitCore.java:137)
	at org.junit.runner.JUnitCore.run(JUnitCore.java:115)
	at org.junit.vintage.engine.execution.RunnerExecutor.execute(RunnerExecutor.java:40)
	at java.base/java.util.stream.ForEachOps$ForEachOp$OfRef.accept(ForEachOps.java:183)
	at java.base/java.util.stream.ReferencePipeline$3$1.accept(ReferencePipeline.java:195)
	at java.base/java.util.Iterator.forEachRemaining(Iterator.java:133)
	at java.base/java.util.Spliterators$IteratorSpliterator.forEachRemaining(Spliterators.java:1801)
	at java.base/java.util.stream.AbstractPipeline.copyInto(AbstractPipeline.java:484)
	at java.base/java.util.stream.AbstractPipeline.wrapAndCopyInto(AbstractPipeline.java:474)
	at java.base/java.util.stream.ForEachOps$ForEachOp.evaluateSequential(ForEachOps.java:150)
	at java.base/java.util.stream.ForEachOps$ForEachOp$OfRef.evaluateSequential(ForEachOps.java:173)
	at java.base/java.util.stream.AbstractPipeline.evaluate(AbstractPipeline.java:234)
	at java.base/java.util.stream.ReferencePipeline.forEach(ReferencePipeline.java:497)
	at org.junit.vintage.engine.VintageTestEngine.executeAllChildren(VintageTestEngine.java:80)
	at org.junit.vintage.engine.VintageTestEngine.execute(VintageTestEngine.java:71)
	at org.junit.platform.launcher.core.DefaultLauncher.execute(DefaultLauncher.java:220)
	at org.junit.platform.launcher.core.DefaultLauncher.lambda$execute$6(DefaultLauncher.java:188)
	at org.junit.platform.launcher.core.DefaultLauncher.withInterceptedStreams(DefaultLauncher.java:202)
	at org.junit.platform.launcher.core.DefaultLauncher.execute(DefaultLauncher.java:181)
	at org.junit.platform.launcher.core.DefaultLauncher.execute(DefaultLauncher.java:128)
	at org.apache.maven.surefire.junitplatform.JUnitPlatformProvider.invokeAllTests(JUnitPlatformProvider.java:150)
	at org.apache.maven.surefire.junitplatform.JUnitPlatformProvider.invoke(JUnitPlatformProvider.java:124)
	at org.apache.maven.surefire.booter.ForkedBooter.invokeProviderInSameClassLoader(ForkedBooter.java:384)
	at org.apache.maven.surefire.booter.ForkedBooter.runSuitesInProcess(ForkedBooter.java:345)
	at org.apache.maven.surefire.booter.ForkedBooter.execute(ForkedBooter.java:126)
	at org.apache.maven.surefire.booter.ForkedBooter.main(ForkedBooter.java:418)
Caused by: org.rnorth.ducttape.TimeoutException: java.util.concurrent.TimeoutException
	at org.rnorth.ducttape.timeouts.Timeouts.callFuture(Timeouts.java:70)
	at org.rnorth.ducttape.timeouts.Timeouts.getWithTimeout(Timeouts.java:43)
	at org.rnorth.ducttape.unreliables.Unreliables.retryUntilSuccess(Unreliables.java:38)
	... 59 common frames omitted
Caused by: java.util.concurrent.TimeoutException: null
	at java.base/java.util.concurrent.FutureTask.get(FutureTask.java:204)
	at org.rnorth.ducttape.timeouts.Timeouts.callFuture(Timeouts.java:65)
	... 61 common frames omitted
14:06:23.067 [main] DEBUG org.testcontainers.dockerclient.DockerClientProviderStrategy - EnvironmentAndSystemPropertyClientProviderStrategy: failed with exception InvalidConfigurationException (ping failed)
14:06:23.069 [main] INFO org.testcontainers.dockerclient.DockerClientProviderStrategy - Will use 'okhttp' transport
14:06:23.141 [ducttape-2] DEBUG org.testcontainers.dockerclient.DockerClientProviderStrategy - Pinging docker daemon...
14:06:23.141 [ducttape-2] DEBUG com.github.dockerjava.core.command.AbstrDockerCmd - Cmd: org.testcontainers.dockerclient.transport.okhttp.OkHttpDockerCmdExecFactory$1@e6f63e
14:06:24.052 [ducttape-0] DEBUG org.testcontainers.dockerclient.DockerClientProviderStrategy - Pinging docker daemon...
14:06:24.052 [ducttape-0] DEBUG com.github.dockerjava.core.command.AbstrDockerCmd - Cmd: org.testcontainers.dockerclient.transport.okhttp.OkHttpDockerCmdExecFactory$1@43cf3628
14:06:24.063 [ducttape-1] DEBUG org.testcontainers.dockerclient.DockerClientProviderStrategy - Pinging docker daemon...
14:06:24.063 [ducttape-1] DEBUG com.github.dockerjava.core.command.AbstrDockerCmd - Cmd: org.testcontainers.dockerclient.transport.okhttp.OkHttpDockerCmdExecFactory$1@464bbafc
14:06:33.142 [main] DEBUG org.testcontainers.dockerclient.DockerClientProviderStrategy - NpipeSocketClientProviderStrategy: failed with exception InvalidConfigurationException (ping failed). Root cause TimeoutException (null)
14:06:33.144 [main] INFO org.testcontainers.dockerclient.DockerClientProviderStrategy - Will use 'okhttp' transport
14:06:33.646 [ducttape-2] DEBUG org.testcontainers.dockerclient.DockerClientProviderStrategy - Pinging docker daemon...
14:06:33.646 [ducttape-4] DEBUG org.testcontainers.dockerclient.DockerClientProviderStrategy - Pinging docker daemon...
14:06:33.646 [ducttape-4] DEBUG com.github.dockerjava.core.command.AbstrDockerCmd - Cmd: org.testcontainers.dockerclient.transport.okhttp.OkHttpDockerCmdExecFactory$1@57bb3bd7
14:06:33.646 [ducttape-2] DEBUG com.github.dockerjava.core.command.AbstrDockerCmd - Cmd: org.testcontainers.dockerclient.transport.okhttp.OkHttpDockerCmdExecFactory$1@1b17b235
14:06:34.554 [ducttape-0] DEBUG org.testcontainers.dockerclient.DockerClientProviderStrategy - Pinging docker daemon...
14:06:34.554 [ducttape-0] DEBUG com.github.dockerjava.core.command.AbstrDockerCmd - Cmd: org.testcontainers.dockerclient.transport.okhttp.OkHttpDockerCmdExecFactory$1@3a80e004
14:06:34.565 [ducttape-1] DEBUG org.testcontainers.dockerclient.DockerClientProviderStrategy - Pinging docker daemon...
14:06:34.565 [ducttape-1] DEBUG com.github.dockerjava.core.command.AbstrDockerCmd - Cmd: org.testcontainers.dockerclient.transport.okhttp.OkHttpDockerCmdExecFactory$1@3493c51
14:06:38.146 [main] DEBUG org.testcontainers.dockerclient.DockerClientProviderStrategy - WindowsClientProviderStrategy: failed with exception TimeoutException (Timeout waiting for result with exception). Root cause ConnectException (Connection refused: connect)
14:06:38.164 [ducttape-4] DEBUG org.testcontainers.dockerclient.DockerClientProviderStrategy - Pinging docker daemon...
14:06:38.164 [ducttape-4] DEBUG com.github.dockerjava.core.command.AbstrDockerCmd - Cmd: org.testcontainers.dockerclient.transport.okhttp.OkHttpDockerCmdExecFactory$1@57bda9cf
14:06:38.208 [main] DEBUG org.testcontainers.utility.CommandLine - Executing shell command: `docker-machine.exe ls -q`
14:06:38.223 [main] DEBUG org.testcontainers.shaded.org.zeroturnaround.exec.ProcessExecutor - Executing [docker-machine.exe, ls, -q].
14:06:38.274 [main] DEBUG org.testcontainers.shaded.org.zeroturnaround.exec.ProcessExecutor - Started Process[pid=7504, exitValue="not exited"]
14:06:38.524 [main] DEBUG org.testcontainers.shaded.org.zeroturnaround.exec.WaitForProcess - Process[pid=7504, exitValue=0] stopped with exit code 0
14:06:38.527 [main] DEBUG org.testcontainers.utility.DockerMachineClient - Using docker-machine set in DOCKER_MACHINE_NAME: default
14:06:38.528 [main] INFO org.testcontainers.dockerclient.DockerMachineClientProviderStrategy - Found docker-machine, and will use machine named default
14:06:38.528 [main] DEBUG org.testcontainers.utility.CommandLine - Executing shell command: `docker-machine status default`
14:06:38.528 [main] DEBUG org.testcontainers.shaded.org.zeroturnaround.exec.ProcessExecutor - Executing [docker-machine, status, default].
14:06:38.532 [main] DEBUG org.testcontainers.shaded.org.zeroturnaround.exec.ProcessExecutor - Started Process[pid=11892, exitValue="not exited"]
14:06:39.540 [main] DEBUG org.testcontainers.shaded.org.zeroturnaround.exec.WaitForProcess - Process[pid=11892, exitValue=0] stopped with exit code 0
14:06:39.541 [main] INFO org.testcontainers.utility.DockerMachineClient - Docker-machine 'default' is not running. Will start it now
14:06:39.541 [main] DEBUG org.testcontainers.utility.CommandLine - Executing shell command: `docker-machine start default`
14:06:39.541 [main] DEBUG org.testcontainers.shaded.org.zeroturnaround.exec.ProcessExecutor - Executing [docker-machine, start, default].
14:06:39.547 [main] DEBUG org.testcontainers.shaded.org.zeroturnaround.exec.ProcessExecutor - Started Process[pid=2468, exitValue="not exited"]
14:06:42.712 [ducttape-4] DEBUG org.testcontainers.dockerclient.DockerClientProviderStrategy - Pinging docker daemon...
14:06:42.712 [ducttape-4] DEBUG com.github.dockerjava.core.command.AbstrDockerCmd - Cmd: org.testcontainers.dockerclient.transport.okhttp.OkHttpDockerCmdExecFactory$1@385eb1ae
14:06:44.148 [ducttape-2] DEBUG org.testcontainers.dockerclient.DockerClientProviderStrategy - Pinging docker daemon...
14:06:44.148 [ducttape-2] DEBUG com.github.dockerjava.core.command.AbstrDockerCmd - Cmd: org.testcontainers.dockerclient.transport.okhttp.OkHttpDockerCmdExecFactory$1@1a1125a0
14:06:45.056 [ducttape-0] DEBUG org.testcontainers.dockerclient.DockerClientProviderStrategy - Pinging docker daemon...
14:06:45.056 [ducttape-0] DEBUG com.github.dockerjava.core.command.AbstrDockerCmd - Cmd: org.testcontainers.dockerclient.transport.okhttp.OkHttpDockerCmdExecFactory$1@1a671550
14:06:45.067 [ducttape-1] DEBUG org.testcontainers.dockerclient.DockerClientProviderStrategy - Pinging docker daemon...
14:06:45.067 [ducttape-1] DEBUG com.github.dockerjava.core.command.AbstrDockerCmd - Cmd: org.testcontainers.dockerclient.transport.okhttp.OkHttpDockerCmdExecFactory$1@5124b205
14:06:47.234 [ducttape-4] DEBUG org.testcontainers.dockerclient.DockerClientProviderStrategy - Pinging docker daemon...
14:06:47.234 [ducttape-4] DEBUG com.github.dockerjava.core.command.AbstrDockerCmd - Cmd: org.testcontainers.dockerclient.transport.okhttp.OkHttpDockerCmdExecFactory$1@7962fef7
14:06:51.756 [ducttape-4] DEBUG org.testcontainers.dockerclient.DockerClientProviderStrategy - Pinging docker daemon...
14:06:51.756 [ducttape-4] DEBUG com.github.dockerjava.core.command.AbstrDockerCmd - Cmd: org.testcontainers.dockerclient.transport.okhttp.OkHttpDockerCmdExecFactory$1@48808de
14:06:54.650 [ducttape-2] DEBUG org.testcontainers.dockerclient.DockerClientProviderStrategy - Pinging docker daemon...
14:06:54.650 [ducttape-2] DEBUG com.github.dockerjava.core.command.AbstrDockerCmd - Cmd: org.testcontainers.dockerclient.transport.okhttp.OkHttpDockerCmdExecFactory$1@518edf68
14:06:55.557 [ducttape-0] DEBUG org.testcontainers.dockerclient.DockerClientProviderStrategy - Pinging docker daemon...
14:06:55.557 [ducttape-0] DEBUG com.github.dockerjava.core.command.AbstrDockerCmd - Cmd: org.testcontainers.dockerclient.transport.okhttp.OkHttpDockerCmdExecFactory$1@46db95ae
14:06:55.568 [ducttape-1] DEBUG org.testcontainers.dockerclient.DockerClientProviderStrategy - Pinging docker daemon...
14:06:55.568 [ducttape-1] DEBUG com.github.dockerjava.core.command.AbstrDockerCmd - Cmd: org.testcontainers.dockerclient.transport.okhttp.OkHttpDockerCmdExecFactory$1@3200192d
14:06:56.267 [ducttape-4] DEBUG org.testcontainers.dockerclient.DockerClientProviderStrategy - Pinging docker daemon...
14:06:56.267 [ducttape-4] DEBUG com.github.dockerjava.core.command.AbstrDockerCmd - Cmd: org.testcontainers.dockerclient.transport.okhttp.OkHttpDockerCmdExecFactory$1@3e412a51
14:07:00.786 [ducttape-4] DEBUG org.testcontainers.dockerclient.DockerClientProviderStrategy - Pinging docker daemon...
14:07:00.786 [ducttape-4] DEBUG com.github.dockerjava.core.command.AbstrDockerCmd - Cmd: org.testcontainers.dockerclient.transport.okhttp.OkHttpDockerCmdExecFactory$1@73df3ff6
14:07:05.210 [ducttape-2] DEBUG org.testcontainers.dockerclient.DockerClientProviderStrategy - Pinging docker daemon...
14:07:05.211 [ducttape-2] DEBUG com.github.dockerjava.core.command.AbstrDockerCmd - Cmd: org.testcontainers.dockerclient.transport.okhttp.OkHttpDockerCmdExecFactory$1@ab4056
14:07:05.403 [ducttape-4] DEBUG org.testcontainers.dockerclient.DockerClientProviderStrategy - Pinging docker daemon...
14:07:05.403 [ducttape-4] DEBUG com.github.dockerjava.core.command.AbstrDockerCmd - Cmd: org.testcontainers.dockerclient.transport.okhttp.OkHttpDockerCmdExecFactory$1@1da4e23c
14:07:06.059 [ducttape-0] DEBUG org.testcontainers.dockerclient.DockerClientProviderStrategy - Pinging docker daemon...
14:07:06.059 [ducttape-0] DEBUG com.github.dockerjava.core.command.AbstrDockerCmd - Cmd: org.testcontainers.dockerclient.transport.okhttp.OkHttpDockerCmdExecFactory$1@7c9f952b
14:07:06.070 [ducttape-1] DEBUG org.testcontainers.dockerclient.DockerClientProviderStrategy - Pinging docker daemon...
14:07:06.070 [ducttape-1] DEBUG com.github.dockerjava.core.command.AbstrDockerCmd - Cmd: org.testcontainers.dockerclient.transport.okhttp.OkHttpDockerCmdExecFactory$1@2987c9cb
14:07:10.996 [ducttape-4] DEBUG org.testcontainers.dockerclient.DockerClientProviderStrategy - Pinging docker daemon...
14:07:10.996 [ducttape-4] DEBUG com.github.dockerjava.core.command.AbstrDockerCmd - Cmd: org.testcontainers.dockerclient.transport.okhttp.OkHttpDockerCmdExecFactory$1@592ec7ae
14:07:15.718 [ducttape-2] DEBUG org.testcontainers.dockerclient.DockerClientProviderStrategy - Pinging docker daemon...
14:07:15.718 [ducttape-2] DEBUG com.github.dockerjava.core.command.AbstrDockerCmd - Cmd: org.testcontainers.dockerclient.transport.okhttp.OkHttpDockerCmdExecFactory$1@223f3466
14:07:15.765 [ducttape-4] DEBUG org.testcontainers.dockerclient.DockerClientProviderStrategy - Pinging docker daemon...
14:07:15.765 [ducttape-4] DEBUG com.github.dockerjava.core.command.AbstrDockerCmd - Cmd: org.testcontainers.dockerclient.transport.okhttp.OkHttpDockerCmdExecFactory$1@6e0a6d78
14:07:16.562 [ducttape-0] DEBUG org.testcontainers.dockerclient.DockerClientProviderStrategy - Pinging docker daemon...
14:07:16.562 [ducttape-0] DEBUG com.github.dockerjava.core.command.AbstrDockerCmd - Cmd: org.testcontainers.dockerclient.transport.okhttp.OkHttpDockerCmdExecFactory$1@4122da7c
14:07:16.572 [ducttape-1] DEBUG org.testcontainers.dockerclient.DockerClientProviderStrategy - Pinging docker daemon...
14:07:16.572 [ducttape-1] DEBUG com.github.dockerjava.core.command.AbstrDockerCmd - Cmd: org.testcontainers.dockerclient.transport.okhttp.OkHttpDockerCmdExecFactory$1@6366c31e
14:07:20.764 [ducttape-4] DEBUG org.testcontainers.dockerclient.DockerClientProviderStrategy - Pinging docker daemon...
14:07:20.764 [ducttape-4] DEBUG com.github.dockerjava.core.command.AbstrDockerCmd - Cmd: org.testcontainers.dockerclient.transport.okhttp.OkHttpDockerCmdExecFactory$1@64a0dfc0
14:07:25.496 [ducttape-4] DEBUG org.testcontainers.dockerclient.DockerClientProviderStrategy - Pinging docker daemon...
14:07:25.496 [ducttape-4] DEBUG com.github.dockerjava.core.command.AbstrDockerCmd - Cmd: org.testcontainers.dockerclient.transport.okhttp.OkHttpDockerCmdExecFactory$1@5eaf646a
14:07:26.223 [ducttape-2] DEBUG org.testcontainers.dockerclient.DockerClientProviderStrategy - Pinging docker daemon...
14:07:26.223 [ducttape-2] DEBUG com.github.dockerjava.core.command.AbstrDockerCmd - Cmd: org.testcontainers.dockerclient.transport.okhttp.OkHttpDockerCmdExecFactory$1@4924f11d
14:07:27.065 [ducttape-0] DEBUG org.testcontainers.dockerclient.DockerClientProviderStrategy - Pinging docker daemon...
14:07:27.065 [ducttape-0] DEBUG com.github.dockerjava.core.command.AbstrDockerCmd - Cmd: org.testcontainers.dockerclient.transport.okhttp.OkHttpDockerCmdExecFactory$1@634d8a9d
14:07:27.074 [ducttape-1] DEBUG org.testcontainers.dockerclient.DockerClientProviderStrategy - Pinging docker daemon...
14:07:27.074 [ducttape-1] DEBUG com.github.dockerjava.core.command.AbstrDockerCmd - Cmd: org.testcontainers.dockerclient.transport.okhttp.OkHttpDockerCmdExecFactory$1@17a6f1ed
14:07:30.394 [ducttape-4] DEBUG org.testcontainers.dockerclient.DockerClientProviderStrategy - Pinging docker daemon...
14:07:30.394 [ducttape-4] DEBUG com.github.dockerjava.core.command.AbstrDockerCmd - Cmd: org.testcontainers.dockerclient.transport.okhttp.OkHttpDockerCmdExecFactory$1@7113dba6
14:07:35.303 [ducttape-4] DEBUG org.testcontainers.dockerclient.DockerClientProviderStrategy - Pinging docker daemon...
14:07:35.303 [ducttape-4] DEBUG com.github.dockerjava.core.command.AbstrDockerCmd - Cmd: org.testcontainers.dockerclient.transport.okhttp.OkHttpDockerCmdExecFactory$1@4ccf1951
14:07:36.726 [ducttape-2] DEBUG org.testcontainers.dockerclient.DockerClientProviderStrategy - Pinging docker daemon...
14:07:36.734 [ducttape-2] DEBUG com.github.dockerjava.core.command.AbstrDockerCmd - Cmd: org.testcontainers.dockerclient.transport.okhttp.OkHttpDockerCmdExecFactory$1@7994c603
14:07:37.567 [ducttape-0] DEBUG org.testcontainers.dockerclient.DockerClientProviderStrategy - Pinging docker daemon...
14:07:37.567 [ducttape-0] DEBUG com.github.dockerjava.core.command.AbstrDockerCmd - Cmd: org.testcontainers.dockerclient.transport.okhttp.OkHttpDockerCmdExecFactory$1@79a105bf
14:07:37.577 [ducttape-1] DEBUG org.testcontainers.dockerclient.DockerClientProviderStrategy - Pinging docker daemon...
14:07:37.577 [ducttape-1] DEBUG com.github.dockerjava.core.command.AbstrDockerCmd - Cmd: org.testcontainers.dockerclient.transport.okhttp.OkHttpDockerCmdExecFactory$1@25dd5b45
14:07:40.504 [ducttape-4] DEBUG org.testcontainers.dockerclient.DockerClientProviderStrategy - Pinging docker daemon...
14:07:40.504 [ducttape-4] DEBUG com.github.dockerjava.core.command.AbstrDockerCmd - Cmd: org.testcontainers.dockerclient.transport.okhttp.OkHttpDockerCmdExecFactory$1@2ef381d7
14:07:45.226 [ducttape-4] DEBUG org.testcontainers.dockerclient.DockerClientProviderStrategy - Pinging docker daemon...
14:07:45.226 [ducttape-4] DEBUG com.github.dockerjava.core.command.AbstrDockerCmd - Cmd: org.testcontainers.dockerclient.transport.okhttp.OkHttpDockerCmdExecFactory$1@bda2c57
14:07:47.238 [ducttape-2] DEBUG org.testcontainers.dockerclient.DockerClientProviderStrategy - Pinging docker daemon...
14:07:47.238 [ducttape-2] DEBUG com.github.dockerjava.core.command.AbstrDockerCmd - Cmd: org.testcontainers.dockerclient.transport.okhttp.OkHttpDockerCmdExecFactory$1@39f9c531
14:07:48.069 [ducttape-0] DEBUG org.testcontainers.dockerclient.DockerClientProviderStrategy - Pinging docker daemon...
14:07:48.069 [ducttape-0] DEBUG com.github.dockerjava.core.command.AbstrDockerCmd - Cmd: org.testcontainers.dockerclient.transport.okhttp.OkHttpDockerCmdExecFactory$1@7917f16d
14:07:48.078 [ducttape-1] DEBUG org.testcontainers.dockerclient.DockerClientProviderStrategy - Pinging docker daemon...
14:07:48.078 [ducttape-1] DEBUG com.github.dockerjava.core.command.AbstrDockerCmd - Cmd: org.testcontainers.dockerclient.transport.okhttp.OkHttpDockerCmdExecFactory$1@328307a4
14:07:49.303 [main] DEBUG org.testcontainers.shaded.org.zeroturnaround.exec.WaitForProcess - Process[pid=2468, exitValue=1] stopped with exit code 1
14:07:49.314 [main] DEBUG org.testcontainers.dockerclient.DockerClientProviderStrategy - DockerMachineClientProviderStrategy: failed with exception InvalidConfigurationException (Exception when executing docker-machine start default)
14:07:49.324 [main] ERROR org.testcontainers.dockerclient.DockerClientProviderStrategy - Could not find a valid Docker environment. Please check configuration. Attempted configurations were:
14:07:49.324 [main] ERROR org.testcontainers.dockerclient.DockerClientProviderStrategy -     EnvironmentAndSystemPropertyClientProviderStrategy: failed with exception InvalidConfigurationException (ping failed)
14:07:49.324 [main] ERROR org.testcontainers.dockerclient.DockerClientProviderStrategy -     EnvironmentAndSystemPropertyClientProviderStrategy: failed with exception InvalidConfigurationException (ping failed)
14:07:49.324 [main] ERROR org.testcontainers.dockerclient.DockerClientProviderStrategy -     NpipeSocketClientProviderStrategy: failed with exception InvalidConfigurationException (ping failed). Root cause TimeoutException (null)
14:07:49.324 [main] ERROR org.testcontainers.dockerclient.DockerClientProviderStrategy -     WindowsClientProviderStrategy: failed with exception TimeoutException (Timeout waiting for result with exception). Root cause ConnectException (Connection refused: connect)
14:07:49.324 [main] ERROR org.testcontainers.dockerclient.DockerClientProviderStrategy -     DockerMachineClientProviderStrategy: failed with exception InvalidConfigurationException (Exception when executing docker-machine start default)
14:07:49.324 [main] ERROR org.testcontainers.dockerclient.DockerClientProviderStrategy - As no valid configuration was found, execution cannot continue
]]></system-out>
  </testcase>
</testsuite>